<?xml version="1.0" encoding="UTF-8"?>
<!-- Generated by org.testng.reporters.JUnitReportReporter -->
<testsuite hostname="Shridhar-Lap" name="TestScript.Scenario_Login" tests="1" failures="0" timestamp="22 Feb 2016 18:02:14 GMT" time="33.835" errors="0">
  <testcase name="ValidLogin" time="33.835" classname="TestScript.Scenario_Login"/>
</testsuite> <!-- TestScript.Scenario_Login -->
